<?xml version="1.0" encoding="UTF-8"?>
<testsuite name="inputoutput.EmployeePayrollServiceTest" tests="1" skipped="0" failures="0" errors="0" timestamp="2021-05-09T12:00:42" hostname="MRUNAL" time="0.068">
  <properties/>
  <testcase name="given3EmployeesWhenWrittenToFileShouldMatchEmployeeEntries()" classname="inputoutput.EmployeePayrollServiceTest" time="0.068"/>
  <system-out><![CDATA[]]></system-out>
  <system-err><![CDATA[]]></system-err>
</testsuite>
